<?xml version="1.0" encoding="UTF-8"?>
<!-- Generated by org.testng.reporters.JUnitReportReporter -->
<testsuite hostname="DESKTOP-G74BMDU" failures="0" tests="1" name="testNGpackage.Demo" time="0.022" errors="0" timestamp="2023-05-21T23:01:55 PDT" skipped="0">
  <testcase classname="testNGpackage.Demo" name="f" time="0.022"/>
  <system-out/>
</testsuite> <!-- testNGpackage.Demo -->
