<?xml version="1.0" encoding="UTF-8"?>
<!-- Generated by org.testng.reporters.JUnitReportReporter -->
<testsuite hostname="DESKTOP-G74BMDU" failures="0" tests="1" name="testNGpackage3.MethodExicution" time="0.018" errors="0" timestamp="2023-05-23T22:03:06 PDT" skipped="0">
  <testcase classname="testNGpackage3.MethodExicution" name="method1" time="0.018"/>
  <system-out>
    <![CDATA[15is hte threadid of the method
method1]]>
  </system-out>
</testsuite> <!-- testNGpackage3.MethodExicution -->
