<?xml version="1.0" encoding="UTF-8"?>
<!-- Generated by org.testng.reporters.JUnitReportReporter -->
<testsuite hostname="DESKTOP-G74BMDU" failures="0" tests="1" name="testNGannotation.Annotation" time="0.012" errors="0" timestamp="2023-05-24T05:38:17 PDT" skipped="0">
  <testcase classname="testNGannotation.Annotation" name="f" time="0.012"/>
  <system-out>
    <![CDATA[Test Annotation]]>
  </system-out>
</testsuite> <!-- testNGannotation.Annotation -->
