<?xml version="1.0" encoding="UTF-8"?>
<!-- Generated by org.testng.reporters.JUnitReportReporter -->
<testsuite hostname="DESKTOP-G74BMDU" failures="0" tests="1" name="testNGpackage.Semo" time="0.022" errors="0" timestamp="2023-05-21T23:07:01 PDT" skipped="0">
  <testcase classname="testNGpackage.Semo" name="f" time="0.022"/>
  <system-out/>
</testsuite> <!-- testNGpackage.Semo -->
