<?xml version="1.0" encoding="UTF-8"?>
<!-- Generated by org.testng.reporters.JUnitReportReporter -->
<testsuite hostname="DESKTOP-G74BMDU" failures="0" tests="1" name="testNGpackage2.DemoTestCase3" time="0.020" errors="0" timestamp="2023-05-23T21:23:14 PDT" skipped="0">
  <testcase classname="testNGpackage2.DemoTestCase3" name="TestCase1" time="0.020"/>
  <system-out>
    <![CDATA[TestCase1-3]]>
  </system-out>
</testsuite> <!-- testNGpackage2.DemoTestCase3 -->
