<?xml version="1.0" encoding="UTF-8"?>
<!-- Generated by org.testng.reporters.JUnitReportReporter -->
<testsuite hostname="DESKTOP-G74BMDU" failures="0" tests="1" name="testNGpackage1.DemoTest3" time="28.782" errors="0" timestamp="2023-05-22T22:36:56 PDT" skipped="0">
  <testcase classname="testNGpackage1.DemoTest3" name="selenium" time="28.782"/>
  <system-out/>
</testsuite> <!-- testNGpackage1.DemoTest3 -->
