<?xml version="1.0" encoding="UTF-8"?>
<!-- Generated by org.testng.reporters.JUnitReportReporter -->
<testsuite hostname="DESKTOP-G74BMDU" failures="0" tests="1" name="testNGpackage3.Demo2" time="105.539" errors="0" timestamp="2023-05-23T21:34:54 PDT" skipped="0">
  <testcase classname="testNGpackage3.Demo2" name="sql" time="105.539"/>
  <system-out/>
</testsuite> <!-- testNGpackage3.Demo2 -->
